1,login
2,error
3,error
4,error
5,click
6,click
7,login
8,login
9,complete
10,error
11,click
12,error
13,complete
14,login
15,logout
16,login
17,complete
18,login
19,click
20,login
21,error
22,error
23,click
24,click
25,error
26,error
27,click
28,login
29,login
30,click
31,logout
32,logout
33,complete
34,complete
35,login
36,logout
37,click
38,error
39,logout
40,login
41,complete
42,error
43,error
44,login
45,login
46,logout
47,login
48,error
49,error
50,error
51,click
52,complete
53,complete
54,complete
55,logout
56,error
57,error
58,click
59,click
60,logout
61,complete
62,error
63,complete
64,click
65,click
66,logout
67,login
68,error
69,complete
70,logout
71,click
72,error
73,complete
74,click
75,complete
76,login
77,logout
78,login
79,complete
80,complete
81,error
82,logout
83,click
84,login
85,logout
86,login
87,logout
88,login
89,login
90,error
91,click
92,login
93,error
94,click
95,click
96,error
97,error
98,click
99,logout
100,logout
101,logout
102,click
103,complete
104,login
105,login
106,complete
107,login
108,login
109,complete
110,complete
111,click
112,click
113,login
114,error
115,error
116,error
117,error
118,error
119,error
120,click
121,click
122,complete
123,login
124,login
125,complete
126,error
127,error
128,complete
129,complete
130,logout
131,login
132,complete
133,error
134,login
135,complete
136,logout
137,login
138,error
139,error
140,click
141,click
142,complete
143,logout
144,error
145,complete
146,click
147,login
148,logout
149,login
150,click
151,click
152,complete
153,logout
154,click
155,click
156,logout
157,click
158,click
159,click
160,login
161,login
162,complete
163,error
164,click
165,error
166,logout
167,error
168,complete
169,login
170,click
171,click
172,complete
173,logout
174,click
175,click
176,click
177,click
178,click
179,error
180,logout
181,complete
182,click
183,error
184,complete
185,complete
186,complete
187,error
188,click
189,click
190,login
191,login
192,click
193,error
194,click
195,logout
196,complete
197,error
198,login
199,login
200,login
201,logout
202,error
203,click
204,complete
205,logout
206,error
207,login
208,logout
209,logout
210,click
211,login
212,login
213,logout
214,complete
215,click
216,click
217,click
218,error
219,login
220,click
221,login
222,error
223,login
224,click
225,login
226,error
227,logout
228,logout
229,login
230,complete
231,error
232,login
233,click
234,click
235,complete
236,logout
237,login
238,logout
239,error
240,complete
241,logout
242,complete
243,error
244,complete
245,click
246,error
247,complete
248,click
249,login
250,logout
251,login
252,login
253,complete
254,click
255,error
256,complete
257,logout
258,login
259,complete
260,error
261,error
262,error
263,click
264,login
265,complete
266,login
267,error
268,login
269,complete
270,complete
271,click
272,error
273,complete
274,error
275,login
276,error
277,logout
278,error
279,click
280,click
281,logout
282,logout
283,logout
284,click
285,logout
286,click
287,login
288,error
289,logout
290,complete
291,logout
292,login
293,error
294,login
295,logout
296,complete
297,login
298,error
299,error
300,complete
301,error
302,error
303,error
304,click
305,logout
306,click
307,complete
308,complete
309,login
310,logout
311,login
312,complete
313,error
314,click
315,complete
316,error
317,click
318,complete
319,logout
320,logout
321,login
322,complete
323,click
324,login
325,login
326,complete
327,click
328,logout
329,click
330,logout
331,login
332,click
333,click
334,complete
335,error
336,complete
337,error
338,click
339,error
340,complete
341,complete
342,login
343,click
344,complete
345,click
346,logout
347,error
348,login
349,login
350,logout
351,click
352,click
353,logout
354,error
355,logout
356,logout
357,complete
358,complete
359,complete
360,logout
361,error
362,complete
363,complete
364,error
365,click
366,logout
367,complete
368,click
369,complete
370,login
371,error
372,login
373,error
374,error
375,login
376,complete
377,click
378,complete
379,login
380,complete
381,click
382,login
383,login
384,error
385,complete
386,click
387,complete
388,complete
389,complete
390,login
391,click
392,login
393,login
394,logout
395,logout
396,logout
397,error
398,error
399,login
400,click
401,complete
402,login
403,login
404,error
405,login
406,logout
407,logout
408,logout
409,login
410,complete
411,login
412,logout
413,error
414,click
415,complete
416,complete
417,logout
418,complete
419,logout
420,error
421,complete
422,click
423,error
424,error
425,error
426,error
427,logout
428,login
429,complete
430,click
431,click
432,click
433,error
434,complete
435,error
436,error
437,complete
438,login
439,login
440,login
441,click
442,click
443,complete
444,error
445,login
446,login
447,complete
448,login
449,complete
450,complete
451,click
452,click
453,complete
454,login
455,error
456,logout
457,login
458,complete
459,logout
460,error
461,login
462,login
463,error
464,logout
465,complete
466,login
467,error
468,complete
469,click
470,complete
471,complete
472,logout
473,click
474,complete
475,login
476,complete
477,error
478,login
479,click
480,logout
481,error
482,click
483,click
484,error
485,click
486,logout
487,error
488,error
489,complete
490,login
491,error
492,complete
493,login
494,logout
495,login
496,login
497,logout
498,complete
499,complete
500,complete
501,complete
502,error
503,error
504,error
505,complete
506,click
507,logout
508,logout
509,complete
510,login
511,logout
512,click
513,error
514,logout
515,error
516,click
517,error
518,complete
519,login
520,complete
521,login
522,click
523,click
524,logout
525,error
526,login
527,click
528,error
529,click
530,error
531,login
532,complete
533,click
534,logout
535,error
536,login
537,logout
538,click
539,logout
540,logout
541,complete
542,click
543,click
544,login
545,click
546,click
547,logout
548,click
549,error
550,logout
551,error
552,logout
553,login
554,complete
555,login
556,click
557,click
558,login
559,logout
560,login
561,click
562,error
563,login
564,logout
565,login
566,error
567,error
568,complete
569,complete
570,complete
571,click
572,click
573,login
574,logout
575,login
576,login
577,click
578,login
579,logout
580,click
581,complete
582,login
583,error
584,error
585,login
586,error
587,complete
588,click
589,complete
590,error
591,logout
592,complete
593,login
594,login
595,click
596,login
597,error
598,complete
599,error
600,login
601,login
602,error
603,error
604,login
605,login
606,logout
607,error
608,logout
609,login
610,login
611,login
612,click
613,click
614,complete
615,error
616,error
617,error
618,error
619,complete
620,logout
621,complete
622,logout
623,click
624,login
625,error
626,error
627,complete
628,click
629,complete
630,click
631,click
632,login
633,complete
634,login
635,click
636,click
637,error
638,error
639,login
640,login
641,complete
642,click
643,error
644,click
645,click
646,error
647,complete
648,click
649,error
650,logout
651,logout
652,complete
653,complete
654,complete
655,login
656,click
657,error
658,error
659,logout
660,click
661,error
662,logout
663,complete
664,click
665,click
666,logout
667,complete
668,login
669,login
670,error
671,click
672,click
673,error
674,login
675,click
676,error
677,error
678,error
679,click
680,error
681,login
682,login
683,login
684,login
685,click
686,click
687,logout
688,click
689,error
690,click
691,complete
692,complete
693,click
694,complete
695,login
696,error
697,error
698,complete
699,click
700,click
